KCPSM6 Assembler log file for program '\\sage.eng.auburn.edu\homes\desktop\class\4200_lab\lab_8\hex_decoder.psm'.
Generated by KCPSM6 version v2.70
Ken Chapman - Xilinx Ltd - 16th May 2014

Assembly datestamp: 24 Oct 2018
Assembly timestamp: 16:30:54

Contents
  Assembly listing
  List of PSM files
  List of CONSTANTs
  List of TABLEs
  List of STRINGs
  List of line labels
  Instruction usage statistics


Last occupied address: 019 hex
Nominal program memory size: 1K (1024)   address(9:0)
Actual memory size: 4096
  (Default memory size)
Occupied memory locations: 26
Memory locations available: 4070


Assembly listing

 Addr Code                 Instruction

 000                       ; Constants used for this program (input and output ports).
 000                       CONSTANT input_port, 00
 000                       CONSTANT output_port, 01
 000  01000     main_loop: LOAD s0, 00[input_port]                  ; Input to function is input port.
 001  20004                CALL 004[decode_hex]                     ; Store proper cathode pattern to s0.
 002  2D001                OUTPUT s0, 01[output_port]               ; Output to cathodes.
 003  22000                JUMP 000[main_loop]                      ; Repeat forever.
 004                       ;
 004                       ; Read in hex input from ports 00-03. Index used to
 004                       ; access seven_seg_decode array ends up in s1.
 004                       ;
 004                       ; Input port on s0.
 004                       ; Return value placed on s0.
 004                       ;
 004  08000    decode_hex: INPUT s0, (s0)                           ; Store port s1 in register 2.
 005                       ;
 005  01100                LOAD s1, 00[decode_table'upper]          ; Upper bound of table.
 006  0120A                LOAD s2, 0A[decode_table'lower]          ; Lower bound of table.
 007  10200                ADD s2, s0                               ; Index the table.
 008  24120                CALL@ (s1, s2)                           ; Return hex value in s0.
 009                       ;
 009  25000                RETURN                                   ; Cathode write pattern is in s0.
 00A                       ; Define array indexed by digit to be displayed with cathode pattern as value.
 00A                       ;
 00A                       ; Access elements in table with CALL@ (decode_table'upper, decode_table'lower + index).
 00A                       ;
 00A                       TABLE seven_seg_decode#, [40,79,24,30,19,12,02,78,00,10,08,03,44,21,06,0E]
 00A  21040  decode_table: LOAD&RETURN s0, 40[seven_seg_decode#:40]
 00B  21079                LOAD&RETURN s0, 79[seven_seg_decode#:79]
 00C  21024                LOAD&RETURN s0, 24[seven_seg_decode#:24]
 00D  21030                LOAD&RETURN s0, 30[seven_seg_decode#:30]
 00E  21019                LOAD&RETURN s0, 19[seven_seg_decode#:19]
 00F  21012                LOAD&RETURN s0, 12[seven_seg_decode#:12]
 010  21002                LOAD&RETURN s0, 02[seven_seg_decode#:02]
 011  21078                LOAD&RETURN s0, 78[seven_seg_decode#:78]
 012  21000                LOAD&RETURN s0, 00[seven_seg_decode#:00]
 013  21010                LOAD&RETURN s0, 10[seven_seg_decode#:10]
 014  21008                LOAD&RETURN s0, 08[seven_seg_decode#:08]
 015  21003                LOAD&RETURN s0, 03[seven_seg_decode#:03]
 016  21044                LOAD&RETURN s0, 44[seven_seg_decode#:44]
 017  21021                LOAD&RETURN s0, 21[seven_seg_decode#:21]
 018  21006                LOAD&RETURN s0, 06[seven_seg_decode#:06]
 019  2100E                LOAD&RETURN s0, 0E[seven_seg_decode#:0E]


All unused memory locations contain zero (equivalent to 'LOAD s0, s0')



List of PSM files that have been assembled

\\sage.eng.auburn.edu\homes\desktop\class\4200_lab\lab_8\hex_decoder.psm



List of defined constants

 CONSTANT name     Value        Source PSM File

 timestamp_hours   16'd         
 timestamp_minutes 30'd         
 timestamp_seconds 54'd         
 datestamp_year    18'd         
 datestamp_month   10'd         
 datestamp_day     24'd         
 NUL               00           
 BEL               07           
 BS                08           
 HT                09           
 LF                0A           
 VT                0B           
 CR                0D           
 ESC               1B           
 DEL               7F           
 DCS               90           
 ST                9C           
 input_port        00           hex_decoder.psm
 output_port       01           hex_decoder.psm



List of defined tables

 TABLE name          Table                                              Source PSM File

 seven_seg_decode#   [40,79,24,30,19,12,02,78,00,10,08,03,44,21,06,0E]  hex_decoder.psm



List of text strings

 STRING name       String         Source PSM File

 KCPSM6_version$   "v2.70"        
 datestamp$        "24 Oct 2018"  
 timestamp$        "16:30:54"     



List of line labels

   Label          Addr  Source PSM File

   main_loop      000   hex_decoder.psm
   decode_hex     004   hex_decoder.psm
   decode_table   00A   hex_decoder.psm



Instruction usage statistics

 Instruction    Instances

 LOAD              3
 STAR              -

 AND               -
 OR                -
 XOR               -

 ADD               1
 ADDCY             -
 SUB               -
 SUBCY             -

 TEST              -
 TESTCY            -
 COMPARE           -
 COMPARECY         -

 SL0               -
 SL1               -
 SLX               -
 SLA               -
 RL                -
 SR0               -
 SR1               -
 SRX               -
 SRA               -
 RR                -

 REGBANK           -

 INPUT             1
 OUTPUT            1
 OUTPUTK           -

 STORE             -
 FETCH             -

 DISABLE           -
 ENABLE            -
 RETURNI           -

 JUMP              1
 JUMP@             -
 CALL              1
 CALL@             1
 RETURN            1
 LOAD&RETURN      16

 HWBUILD           -



End of KCPSM6 log file.
