KCPSM6 Assembler log file for program '\\sage.eng.auburn.edu\homes\desktop\class\4200_lab\lab_8\Tutorial.psm'.
Generated by KCPSM6 version v2.70
Ken Chapman - Xilinx Ltd - 16th May 2014

Assembly datestamp: 24 Oct 2018
Assembly timestamp: 17:44:32

Contents
  Assembly listing
  List of PSM files
  List of CONSTANTs
  List of TABLEs
  List of STRINGs
  List of line labels
  Instruction usage statistics


Last occupied address: 002 hex
Nominal program memory size: 1K (1024)   address(9:0)
Actual memory size: 4096
  (Default memory size)
Occupied memory locations: 3
Memory locations available: 4093


Assembly listing

 Addr Code     Instruction

 000           ; Sample program - continuously copy input port 00 to output port 01
 000  09000    INPUT s0, 00
 001  2D001    OUTPUT s0, 01
 002  22000    JUMP 000


All unused memory locations contain zero (equivalent to 'LOAD s0, s0')



List of PSM files that have been assembled

\\sage.eng.auburn.edu\homes\desktop\class\4200_lab\lab_8\Tutorial.psm



List of defined constants

 CONSTANT name     Value        Source PSM File

 timestamp_hours   17'd         
 timestamp_minutes 44'd         
 timestamp_seconds 32'd         
 datestamp_year    18'd         
 datestamp_month   10'd         
 datestamp_day     24'd         
 NUL               00           
 BEL               07           
 BS                08           
 HT                09           
 LF                0A           
 VT                0B           
 CR                0D           
 ESC               1B           
 DEL               7F           
 DCS               90           
 ST                9C           



No TABLEs defined



List of text strings

 STRING name       String         Source PSM File

 KCPSM6_version$   "v2.70"        
 datestamp$        "24 Oct 2018"  
 timestamp$        "17:44:32"     



List of line labels

   Label    Addr  Source PSM File




Instruction usage statistics

 Instruction    Instances

 LOAD              -
 STAR              -

 AND               -
 OR                -
 XOR               -

 ADD               -
 ADDCY             -
 SUB               -
 SUBCY             -

 TEST              -
 TESTCY            -
 COMPARE           -
 COMPARECY         -

 SL0               -
 SL1               -
 SLX               -
 SLA               -
 RL                -
 SR0               -
 SR1               -
 SRX               -
 SRA               -
 RR                -

 REGBANK           -

 INPUT             1
 OUTPUT            1
 OUTPUTK           -

 STORE             -
 FETCH             -

 DISABLE           -
 ENABLE            -
 RETURNI           -

 JUMP              1
 JUMP@             -
 CALL              -
 CALL@             -
 RETURN            -
 LOAD&RETURN       -

 HWBUILD           -



End of KCPSM6 log file.
