KCPSM6 Assembler log file for program '\\sage.eng.auburn.edu\homes\Desktop\class\4200_lab\lab_9\assembly\InputOutput.psm'.
Generated by KCPSM6 version v2.70
Ken Chapman - Xilinx Ltd - 16th May 2014

Assembly datestamp: 31 Oct 2018
Assembly timestamp: 16:27:41

Contents
  Assembly listing
  List of PSM files
  List of CONSTANTs
  List of TABLEs
  List of STRINGs
  List of line labels
  Instruction usage statistics


Last occupied address: 017 hex
Nominal program memory size: 1K (1024)   address(9:0)
Actual memory size: 4096
  (Default memory size)
Occupied memory locations: 24
Memory locations available: 4072


Assembly listing

 Addr Code                   Instruction

 000                         ; Input and output port numbers.
 000                         CONSTANT switch_input, 00
 000                         CONSTANT button_input, 01
 000                         CONSTANT output_port_1, 02
 000                         CONSTANT output_port_2, 04
 000                         ;
 000                         ; Used to mask the value of the button on the input port.
 000                         CONSTANT button_bitmask, 01
 000                         ;
 000                         ; Turn is stored in s1. Keep constants for what value represents which turn.
 000                         CONSTANT first_turn, 01
 000                         CONSTANT second_turn, 02
 000                         ;
 000                         ;
 000                         ;
 000                         ;
 000                         ;
 000                         ; Reserve s1 as turn manager - initialize it to first turn.
 000  01101                  LOAD s1, 01[first_turn]
 001              main_loop: 
 001                         ; Wait for button to be pressed.
 001  09001                  INPUT s0, 01[button_input]
 002  0D001                  TEST s0, 01[button_bitmask]
 003  32001                  JUMP Z, 001[main_loop]
 004                         ;
 004                         ;
 004                         ; Save value of switches to output port - turn is changed in subroutine.
 004  2000A                  CALL 00A[output_turn]
 005                         ;
 005                         ;
 005                         ; Short delay for debouncing.
 005  20013                  CALL 013[short_delay]
 006                         ;
 006                         ;
 006                         ; Wait for button to be released.
 006  09001  button_release: INPUT s0, 01[button_input]
 007  0D001                  TEST s0, 01[button_bitmask]
 008  36006                  JUMP NZ, 006[button_release]
 009                         ;
 009                         ;
 009                         ; Start main loop again.
 009  22001                  JUMP 001[main_loop]
 00A                         ;
 00A                         ;
 00A                         ;
 00A                         ;
 00A                         ;
 00A                         ; Subroutine: output_turn
 00A                         ;     - Outputs value of input switches to output port 1 or 2,
 00A                         ;       depending on current turn.
 00A                         ;
 00A  09000     output_turn: INPUT s0, 00[switch_input]
 00B  0D101                  TEST s1, 01[first_turn]
 00C  32010                  JUMP Z, 010[output_turn_2]
 00D  2D002   output_turn_1: OUTPUT s0, 02[output_port_1]
 00E  01102                  LOAD s1, 02[second_turn]
 00F  25000                  RETURN 
 010  2D004   output_turn_2: OUTPUT s0, 04[output_port_2]
 011  01101                  LOAD s1, 01[first_turn]
 012  25000                  RETURN 
 013                         ;
 013                         ;
 013                         ;
 013                         ;
 013                         ; Subroutine: short_delay
 013                         ;     - Adds to a register so many time to simulate a short delay. This
 013                         ;       is used for debouncing the user push button.
 013                         CONSTANT delay_count_size, 64    ; Number of times the delay adds - currently 100.
 013  01000     short_delay: LOAD s0, 00
 014  11001      delay_loop: ADD s0, 01
 015  1D064                  COMPARE s0, 64[delay_count_size]
 016  31000                  RETURN Z
 017  22014                  JUMP 014[delay_loop]


All unused memory locations contain zero (equivalent to 'LOAD s0, s0')



List of PSM files that have been assembled

\\sage.eng.auburn.edu\homes\Desktop\class\4200_lab\lab_9\assembly\InputOutput.psm



List of defined constants

 CONSTANT name     Value        Source PSM File

 timestamp_hours   16'd         
 timestamp_minutes 27'd         
 timestamp_seconds 41'd         
 datestamp_year    18'd         
 datestamp_month   10'd         
 datestamp_day     31'd         
 NUL               00           
 BEL               07           
 BS                08           
 HT                09           
 LF                0A           
 VT                0B           
 CR                0D           
 ESC               1B           
 DEL               7F           
 DCS               90           
 ST                9C           
 switch_input      00           InputOutput.psm
 button_input      01           InputOutput.psm
 output_port_1     02           InputOutput.psm
 output_port_2     04           InputOutput.psm
 button_bitmask    01           InputOutput.psm
 first_turn        01           InputOutput.psm
 second_turn       02           InputOutput.psm
 delay_count_size  64           InputOutput.psm



No TABLEs defined



List of text strings

 STRING name       String         Source PSM File

 KCPSM6_version$   "v2.70"        
 datestamp$        "31 Oct 2018"  
 timestamp$        "16:27:41"     



List of line labels

   Label            Addr  Source PSM File

   main_loop        001   InputOutput.psm
   button_release   006   InputOutput.psm
   output_turn      00A   InputOutput.psm
 * output_turn_1    00D   InputOutput.psm
   output_turn_2    010   InputOutput.psm
   short_delay      013   InputOutput.psm
   delay_loop       014   InputOutput.psm

      * Line label has not been referenced in any instructions.
        Hint - This may indicate unused code that could be
               removed to reduce the size of this program.



Instruction usage statistics

 Instruction    Instances

 LOAD              4
 STAR              -

 AND               -
 OR                -
 XOR               -

 ADD               1
 ADDCY             -
 SUB               -
 SUBCY             -

 TEST              3
 TESTCY            -
 COMPARE           1
 COMPARECY         -

 SL0               -
 SL1               -
 SLX               -
 SLA               -
 RL                -
 SR0               -
 SR1               -
 SRX               -
 SRA               -
 RR                -

 REGBANK           -

 INPUT             3
 OUTPUT            2
 OUTPUTK           -

 STORE             -
 FETCH             -

 DISABLE           -
 ENABLE            -
 RETURNI           -

 JUMP              5
 JUMP@             -
 CALL              2
 CALL@             -
 RETURN            3
 LOAD&RETURN       -

 HWBUILD           -



End of KCPSM6 log file.
