Vivado Simulator 2018.2
Copyright 1986-1999, 2001-2018 Xilinx, Inc. All Rights Reserved.
Running: D:/Xilinx/Vivado/2018.2/bin/unwrapped/win64.o/xelab.exe -wto aa36fec546c74b2ead4ddd441220cd58 --incr --debug typical --relax --mt 2 -L xil_defaultlib -L secureip --snapshot test_bench_behav xil_defaultlib.test_bench -log elaborate.log 
Using 2 slave threads.
Starting static elaboration
Completed static elaboration
Starting simulation data flow analysis
Completed simulation data flow analysis
Time Resolution for simulation is 1ps
Compiling package std.standard
Compiling package std.textio
Compiling package ieee.std_logic_1164
Compiling package ieee.numeric_std
Compiling package ieee.std_logic_arith
Compiling package ieee.std_logic_unsigned
Compiling package unisim.vcomponents
Compiling package ieee.vital_timing
Compiling package ieee.vital_primitives
Compiling package unisim.vpkg
Compiling package ieee.std_logic_signed
Compiling package ieee.std_logic_textio
Compiling architecture lut6_2_v of entity unisim.LUT6_2 [\LUT6_2(init="111111110000000011...]
Compiling architecture lut6_v of entity unisim.LUT6 [\LUT6(init="00000000101010100000...]
Compiling architecture lut6_v of entity unisim.LUT6 [\LUT6(init="00000000101010100000...]
Compiling architecture lut6_v of entity unisim.LUT6 [\LUT6(init="00000000101010100000...]
Compiling architecture lut6_2_v of entity unisim.LUT6_2 [\LUT6_2(init="000000000001010100...]
Compiling architecture lut6_2_v of entity unisim.LUT6_2 [\LUT6_2(init="000000000010101000...]
Compiling architecture lut6_v of entity unisim.LUT6 [\LUT6(init="10111111101111001000...]
Compiling architecture ram64m_v of entity unisim.RAM64M [ram64m_default]
Compiling architecture lut6_2_v of entity unisim.LUT6_2 [\LUT6_2(init="011010010110100101...]
Compiling architecture lut6_v of entity unisim.LUT6 [\LUT6(init="11111111000000001111...]
Compiling architecture lut6_2_v of entity unisim.LUT6_2 [\LUT6_2(init="111111111111111111...]
Compiling architecture fdre_v of entity unisim.FDRE [fdre_default]
Compiling architecture fd_v of entity unisim.FD [fd_default]
Compiling architecture lut6_2_v of entity unisim.LUT6_2 [\LUT6_2(init="000000001000001100...]
Compiling architecture lut6_2_v of entity unisim.LUT6_2 [\LUT6_2(init="000000000001000000...]
Compiling architecture lut6_v of entity unisim.LUT6 [\LUT6(init="00000000000000000000...]
Compiling architecture lut6_2_v of entity unisim.LUT6_2 [\LUT6_2(init="110011000011001111...]
Compiling architecture lut6_v of entity unisim.LUT6 [\LUT6(init="01011010001111001111...]
Compiling architecture lut6_2_v of entity unisim.LUT6_2 [\LUT6_2(init="011101110111011100...]
Compiling architecture lut6_2_v of entity unisim.LUT6_2 [\LUT6_2(init="000000000000000011...]
Compiling architecture lut6_v of entity unisim.LUT6 [\LUT6(init="11111111111111111111...]
Compiling architecture lut6_2_v of entity unisim.LUT6_2 [\LUT6_2(init="111111111111111100...]
Compiling architecture lut6_2_v of entity unisim.LUT6_2 [\LUT6_2(init="000000111100101000...]
Compiling architecture lut6_2_v of entity unisim.LUT6_2 [\LUT6_2(init="011101110000100000...]
Compiling architecture lut6_2_v of entity unisim.LUT6_2 [\LUT6_2(init="110100000000000000...]
Compiling architecture lut6_2_v of entity unisim.LUT6_2 [\LUT6_2(init="000000000000000100...]
Compiling architecture lut6_2_v of entity unisim.LUT6_2 [\LUT6_2(init="110000001100110000...]
Compiling architecture fdr_v of entity unisim.FDR [fdr_default]
Compiling architecture lut6_2_v of entity unisim.LUT6_2 [\LUT6_2(init="100000000000000000...]
Compiling architecture lut6_2_v of entity unisim.LUT6_2 [\LUT6_2(init="010000000000000000...]
Compiling architecture lut6_v of entity unisim.LUT6 [\LUT6(init="00000000100000000000...]
Compiling architecture lut6_v of entity unisim.LUT6 [\LUT6(init="10101100101011001111...]
Compiling architecture xorcy_v of entity unisim.XORCY [xorcy_default]
Compiling architecture lut6_2_v of entity unisim.LUT6_2 [\LUT6_2(init="000000000000000000...]
Compiling architecture muxcy_v of entity unisim.MUXCY [muxcy_default]
Compiling architecture lut6_v of entity unisim.LUT6 [\LUT6(init="01101001100101101001...]
Compiling architecture lut6_v of entity unisim.LUT6 [\LUT6(init="11111111111111111010...]
Compiling architecture lut6_2_v of entity unisim.LUT6_2 [\LUT6_2(init="001100110011001110...]
Compiling architecture lut6_2_v of entity unisim.LUT6_2 [\LUT6_2(init="101000101000000000...]
Compiling architecture lut6_2_v of entity unisim.LUT6_2 [\LUT6_2(init="000000000000000000...]
Compiling architecture lut6_2_v of entity unisim.LUT6_2 [\LUT6_2(init="000000000000000000...]
Compiling architecture lut6_v of entity unisim.LUT6 [\LUT6(init="11111011111111110000...]
Compiling architecture ram32m_v of entity unisim.RAM32M [ram32m_default]
Compiling architecture low_level_definition of entity xil_defaultlib.kcpsm6 [kcpsm6_default]
Compiling architecture rb36_internal_vhdl_v of entity unisim.RB36_INTERNAL_VHDL [\RB36_INTERNAL_VHDL(initp_00="00...]
Compiling architecture ramb36e1_v of entity unisim.RAMB36E1 [\RAMB36E1(initp_00="000000000000...]
Compiling architecture low_level_definition of entity xil_defaultlib.final_project [final_project_default]
Compiling architecture behavioral of entity xil_defaultlib.debouncer [debouncer_default]
Compiling architecture behavioral of entity xil_defaultlib.digital_oneshot [digital_oneshot_default]
Compiling architecture behavioral of entity xil_defaultlib.spi_controller [spi_controller_default]
Compiling architecture behavioral of entity xil_defaultlib.d_flip_flop [d_flip_flop_default]
Compiling architecture behavioral of entity xil_defaultlib.shift_register [shift_register_default]
Compiling architecture behavioral of entity xil_defaultlib.data_register [data_register_default]
Compiling architecture top_level of entity xil_defaultlib.spi_receiver [spi_receiver_default]
Compiling architecture behavioral of entity xil_defaultlib.output_port [\output_port(n=11)\]
Compiling architecture behavioral of entity xil_defaultlib.final_project_top_level [final_project_top_level_default]
Compiling architecture test of entity xil_defaultlib.test_bench
Built simulation snapshot test_bench_behav
